<?xml version="1.0" encoding="UTF-8"?>
<testng-results skipped="0" failed="0" total="1" passed="1">
  <reporter-output>
  </reporter-output>
  <suite name="Default suite" duration-ms="8169" started-at="2018-04-10T22:29:00Z" finished-at="2018-04-10T22:29:08Z">
    <groups>
    </groups>
    <test name="Default test" duration-ms="8169" started-at="2018-04-10T22:29:00Z" finished-at="2018-04-10T22:29:08Z">
      <class name="com.dice.jobsearch.Dice_sql">
        <test-method status="PASS" signature="f()[pri:0, instance:com.dice.jobsearch.Dice_sql@42d80b78]" name="f" duration-ms="8155" started-at="2018-04-10T18:29:00Z" finished-at="2018-04-10T18:29:08Z">
          <reporter-output>
          </reporter-output>
        </test-method> <!-- f -->
      </class> <!-- com.dice.jobsearch.Dice_sql -->
    </test> <!-- Default test -->
  </suite> <!-- Default suite -->
</testng-results>
